<?xml version="1.0" encoding="UTF-8"?>
<!-- Generated by org.testng.reporters.JUnitReportReporter -->
<testsuite hostname="DESKTOP-TARJF5B" name="com.xpower.appiumtestdemo.GameBoxTest" tests="1" failures="0" timestamp="25 Aug 2016 07:34:53 GMT" time="486.696" errors="0">
  <testcase name="testAll" time="486.696" classname="com.xpower.appiumtestdemo.GameBoxTest"/>
</testsuite>
