<?xml version="1.0" encoding="UTF-8"?>
<!-- Generated by org.testng.reporters.JUnitReportReporter -->
<testsuite hostname="DESKTOP-TARJF5B" name="com.xpower.appiumtestdemo.GameBoxTest" tests="1" failures="0" timestamp="3 Aug 2016 08:29:52 GMT" time="6.270" errors="0">
  <testcase name="Login" time="6.270" classname="com.xpower.appiumtestdemo.GameBoxTest"/>
</testsuite>
