<?xml version="1.0" encoding="UTF-8"?>
<!-- Generated by org.testng.reporters.JUnitReportReporter -->
<testsuite hostname="DESKTOP-TARJF5B" name="com.xpower.appiumtestdemo.GameBoxTest" tests="1" failures="0" timestamp="25 Aug 2016 10:14:30 GMT" time="1399.392" errors="0">
  <testcase name="testAll" time="1399.392" classname="com.xpower.appiumtestdemo.GameBoxTest"/>
</testsuite>
