<?xml version="1.0" encoding="UTF-8"?>
<!-- Generated by org.testng.reporters.JUnitReportReporter -->
<testsuite hostname="DESKTOP-TARJF5B" name="com.xpower.appiumtestdemo.GameBoxTest" tests="1" failures="0" timestamp="30 Aug 2016 01:28:48 GMT" time="8.481" errors="0">
  <testcase name="testAll" time="8.481" classname="com.xpower.appiumtestdemo.GameBoxTest"/>
</testsuite> <!-- com.xpower.appiumtestdemo.GameBoxTest -->
