<?xml version="1.0" encoding="UTF-8"?>
<!-- Generated by org.testng.reporters.JUnitReportReporter -->
<testsuite hostname="DESKTOP-TARJF5B" name="com.xpower.appiumtestdemo.AppTest" tests="1" failures="0" timestamp="4 Aug 2016 02:15:59 GMT" time="0.009" errors="0">
  <testcase name="testSayHello" time="0.009" classname="com.xpower.appiumtestdemo.AppTest"/>
</testsuite>
