<?xml version="1.0" encoding="UTF-8"?>
<!-- Generated by org.testng.reporters.JUnitReportReporter -->
<testsuite hostname="DESKTOP-TARJF5B" name="com.xpower.appiumtestdemo.AppTest" tests="1" failures="0" timestamp="26 Aug 2016 09:08:52 GMT" time="0.008" errors="0">
  <testcase name="testSayHello" time="0.008" classname="com.xpower.appiumtestdemo.AppTest"/>
</testsuite> <!-- com.xpower.appiumtestdemo.AppTest -->
